2019-11-26 11:38:46 [DEBUG] index.php : about to generate Barcode
2019-11-26 11:38:46 [DEBUG] index.php : calling the generator
2019-11-26 11:50:29 [LOG] index.php : about to generate Barcode
2019-11-26 11:50:29 [LOG] index.php : format to use jpeg
2019-11-26 11:50:29 [LOG] index.php : calling the generator
2019-11-26 14:24:03 [LOG] index.php : about to generate Barcode
2019-11-26 14:24:03 [LOG] index.php : format to use jpeg
2019-11-26 14:24:03 [LOG] index.php : calling the generator
2019-11-26 14:24:03 [LOG] index.php : calling the generatorResource id #12
2019-11-26 14:24:37 [LOG] index.php : about to generate Barcode
2019-11-26 14:24:37 [LOG] index.php : format to use jpeg
2019-11-26 14:24:37 [LOG] index.php : calling the generator
2019-11-26 14:24:37 [LOG] index.php : calling the generatorResource id #12
2019-11-26 14:26:55 [LOG] index.php : about to generate Barcode
2019-11-26 14:26:55 [LOG] index.php : format to use jpeg
2019-11-26 14:26:55 [LOG] index.php : calling the generator
2019-11-26 14:26:55 [LOG] index.php : calling the generatorResource id #12
2019-11-26 14:28:35 [LOG] index.php : about to generate Barcode
2019-11-26 14:28:35 [LOG] index.php : format to use jpeg
2019-11-26 14:28:35 [LOG] index.php : calling the generator
2019-11-26 14:28:35 [LOG] index.php : calling the generatorResource id #12
2019-11-26 14:36:41 [LOG] index.php : about to generate Barcode
2019-11-26 14:36:41 [LOG] index.php : format to use jpeg
2019-11-26 14:36:41 [LOG] index.php : calling the generator
2019-11-26 14:36:41 [LOG] index.php : calling the generatorResource id #12
2019-11-26 14:47:58 [LOG] index.php : about to generate Barcode
2019-11-26 14:47:58 [LOG] index.php : format to use jpeg
2019-11-26 14:47:58 [LOG] index.php : calling the generator
2019-11-26 14:47:58 [LOG] index.php : barcode returned
2019-11-26 14:48:43 [LOG] index.php : about to generate Barcode
2019-11-26 14:48:43 [LOG] index.php : format to use jpeg
2019-11-26 14:48:43 [LOG] index.php : calling the generator
2019-11-26 14:48:43 [LOG] index.php : barcode returned
2019-11-26 14:49:18 [LOG] index.php : about to generate Barcode
2019-11-26 14:49:18 [LOG] index.php : format to use jpeg
2019-11-26 14:49:18 [LOG] index.php : calling the generator
2019-11-26 14:49:18 [LOG] index.php : barcode returned
2019-11-26 19:42:26 [LOG] index.php : in the constructor of the Access Control module
2019-11-26 19:42:26 [LOG] index.php : about to generate Barcode
2019-11-26 19:42:26 [LOG] index.php : format to use jpeg
2019-11-26 19:42:26 [LOG] index.php : calling the generator
2019-11-26 19:42:26 [LOG] index.php : barcode returned
2019-11-26 19:59:52 [LOG] index.php : in the constructor of the Access Control module
2019-11-26 19:59:52 [LOG] index.php : about to generate Barcode
2019-11-26 19:59:52 [LOG] index.php : format to use jpeg
2019-11-26 19:59:52 [LOG] index.php : calling the generator
2019-11-26 19:59:52 [LOG] index.php : barcode returnedArray
(
    [0] => Array
        (
            [g] => l
            [b] => Array
                (
                    [0] => Array
                        (
                            [m] => Array
                                (
                                    [0] => Array
                                        (
                                            [0] => 1
                                            [1] => 1
                                            [2] => 1
                                        )

                                    [1] => Array
                                        (
                                            [0] => 0
                                            [1] => 1
                                            [2] => 2
                                        )

                                    [2] => Array
                                        (
                                            [0] => 1
                                            [1] => 1
                                            [2] => 1
                                        )

                                    [3] => Array
                                        (
                                            [0] => 0
                                            [1] => 1
                                            [2] => 1
                                        )

                                    [4] => Array
                                        (
                                            [0] => 1
                                            [1] => 1
                                            [2] => 2
                                        )

                                    [5] => Array
                                        (
                                            [0] => 0
                                            [1] => 1
                                            [2] => 1
                                        )

                                    [6] => Array
                                        (
                                            [0] => 1
                                            [1] => 1
                                            [2] => 2
                                        )

                                    [7] => Array
                                        (
                                            [0] => 0
                                            [1] => 1
                                            [2] => 1
                                        )

                                    [8] => Array
                                        (
                                            [0] => 1
                                            [1] => 1
                                            [2] => 1
                                        )

                                    [9] => Array
                                        (
                                            [0] => 0
                                            [1] => 1
                                            [2] => 3
                                        )

                                    [10] => Array
                                        (
                                            [0] => 1
                                            [1] => 1
                                            [2] => 2
                                        )

                                    [11] => Array
                                        (
                                            [0] => 0
                                            [1] => 1
                                            [2] => 1
                                        )

                                    [12] => Array
                                        (
                                            [0] => 1
                                            [1] => 1
                                            [2] => 1
                                        )

                                    [13] => Array
                                        (
                                            [0] => 0
                                            [1] => 1
                                            [2] => 2
                                        )

                                    [14] => Array
                                        (
                                            [0] => 1
                                            [1] => 1
                                            [2] => 1
                                        )

                                    [15] => Array
                                        (
                                            [0] => 0
                                            [1] => 1
                                            [2] => 1
                                        )

                                    [16] => Array
                                        (
                                            [0] => 1
                                            [1] => 1
                                            [2] => 1
                                        )

                                    [17] => Array
                                        (
                                            [0] => 0
                                            [1] => 1
                                            [2] => 1
                                        )

                                    [18] => Array
                                        (
                                            [0] => 1
                                            [1] => 1
                                            [2] => 2
                                        )

                                    [19] => Array
                                        (
                                            [0] => 0
                                            [1] => 1
                                            [2] => 3
                                        )

                                    [20] => Array
                                        (
                                            [0] => 1
                                            [1] => 1
                                            [2] => 2
                                        )

                                    [21] => Array
                                        (
                                            [0] => 0
                                            [1] => 1
                                            [2] => 1
                                        )

                                    [22] => Array
                                        (
                                            [0] => 1
                                            [1] => 1
                                            [2] => 1
                                        )

                                    [23] => Array
                                        (
                                            [0] => 0
                                            [1] => 1
                                            [2] => 2
                                        )

                                    [24] => Array
                                        (
                                            [0] => 1
                                            [1] => 1
                                            [2] => 2
                                        )

                                    [25] => Array
                                        (
                                            [0] => 0
                                            [1] => 1
                                            [2] => 1
                                        )

                                    [26] => Array
                                        (
                                            [0] => 1
                                            [1] => 1
                                            [2] => 1
                                        )

                                    [27] => Array
                                        (
                                            [0] => 0
                                            [1] => 1
                                            [2] => 1
                                        )

                                    [28] => Array
                                        (
                                            [0] => 1
                                            [1] => 1
                                            [2] => 1
                                        )

                                    [29] => Array
                                        (
                                            [0] => 0
                                            [1] => 1
                                            [2] => 3
                                        )

                                    [30] => Array
                                        (
                                            [0] => 1
                                            [1] => 1
                                            [2] => 1
                                        )

                                    [31] => Array
                                        (
                                            [0] => 0
                                            [1] => 1
                                            [2] => 1
                                        )

                                    [32] => Array
                                        (
                                            [0] => 1
                                            [1] => 1
                                            [2] => 1
                                        )

                                    [33] => Array
                                        (
                                            [0] => 0
                                            [1] => 1
                                            [2] => 2
                                        )

                                    [34] => Array
                                        (
                                            [0] => 1
                                            [1] => 1
                                            [2] => 1
                                        )

                                    [35] => Array
                                        (
                                            [0] => 0
                                            [1] => 1
                                            [2] => 1
                                        )

                                    [36] => Array
                                        (
                                            [0] => 1
                                            [1] => 1
                                            [2] => 2
                                        )

                                    [37] => Array
                                        (
                                            [0] => 0
                                            [1] => 1
                                            [2] => 1
                                        )

                                    [38] => Array
                                        (
                                            [0] => 1
                                            [1] => 1
                                            [2] => 2
                                        )

                                    [39] => Array
                                        (
                                            [0] => 0
                                            [1] => 1
                                            [2] => 3
                                        )

                                    [40] => Array
                                        (
                                            [0] => 1
                                            [1] => 1
                                            [2] => 1
                                        )

                                    [41] => Array
                                        (
                                            [0] => 0
                                            [1] => 1
                                            [2] => 1
                                        )

                                    [42] => Array
                                        (
                                            [0] => 1
                                            [1] => 1
                                            [2] => 1
                                        )

                                    [43] => Array
                                        (
                                            [0] => 0
                                            [1] => 1
                                            [2] => 2
                                        )

                                    [44] => Array
                                        (
                                            [0] => 1
                                            [1] => 1
                                            [2] => 2
                                        )

                                    [45] => Array
                                        (
                                            [0] => 0
                                            [1] => 1
                                            [2] => 1
                                        )

                                    [46] => Array
                                        (
                                            [0] => 1
                                            [1] => 1
                                            [2] => 1
                                        )

                                    [47] => Array
                                        (
                                            [0] => 0
                                            [1] => 1
                                            [2] => 1
                                        )

                                    [48] => Array
                                        (
                                            [0] => 1
                                            [1] => 1
                                            [2] => 2
                                        )

                                    [49] => Array
                                        (
                                            [0] => 0
                                            [1] => 1
                                            [2] => 3
                                        )

                                    [50] => Array
                                        (
                                            [0] => 1
                                            [1] => 1
                                            [2] => 1
                                        )

                                    [51] => Array
                                        (
                                            [0] => 0
                                            [1] => 1
                                            [2] => 1
                                        )

                                    [52] => Array
                                        (
                                            [0] => 1
                                            [1] => 1
                                            [2] => 1
                                        )

                                    [53] => Array
                                        (
                                            [0] => 0
                                            [1] => 1
                                            [2] => 2
                                        )

                                    [54] => Array
                                        (
                                            [0] => 1
                                            [1] => 1
                                            [2] => 1
                                        )

                                    [55] => Array
                                        (
                                            [0] => 0
                                            [1] => 1
                                            [2] => 1
                                        )

                                    [56] => Array
                                        (
                                            [0] => 1
                                            [1] => 1
                                            [2] => 2
                                        )

                                    [57] => Array
                                        (
                                            [0] => 0
                                            [1] => 1
                                            [2] => 1
                                        )

                                    [58] => Array
                                        (
                                            [0] => 1
                                            [1] => 1
                                            [2] => 2
                                        )

                                    [59] => Array
                                        (
                                            [0] => 0
                                            [1] => 1
                                            [2] => 3
                                        )

                                    [60] => Array
                                        (
                                            [0] => 1
                                            [1] => 1
                                            [2] => 1
                                        )

                                    [61] => Array
                                        (
                                            [0] => 0
                                            [1] => 1
                                            [2] => 1
                                        )

                                    [62] => Array
                                        (
                                            [0] => 1
                                            [1] => 1
                                            [2] => 2
                                        )

                                    [63] => Array
                                        (
                                            [0] => 0
                                            [1] => 1
                                            [2] => 2
                                        )

                                    [64] => Array
                                        (
                                            [0] => 1
                                            [1] => 1
                                            [2] => 1
                                        )

                                    [65] => Array
                                        (
                                            [0] => 0
                                            [1] => 1
                                            [2] => 1
                                        )

                                    [66] => Array
                                        (
                                            [0] => 1
                                            [1] => 1
                                            [2] => 2
                                        )

                                    [67] => Array
                                        (
                                            [0] => 0
                                            [1] => 1
                                            [2] => 1
                                        )

                                    [68] => Array
                                        (
                                            [0] => 1
                                            [1] => 1
                                            [2] => 1
                                        )

                                    [69] => Array
                                        (
                                            [0] => 0
                                            [1] => 1
                                            [2] => 3
                                        )

                                    [70] => Array
                                        (
                                            [0] => 1
                                            [1] => 1
                                            [2] => 2
                                        )

                                    [71] => Array
                                        (
                                            [0] => 0
                                            [1] => 1
                                            [2] => 1
                                        )

                                    [72] => Array
                                        (
                                            [0] => 1
                                            [1] => 1
                                            [2] => 1
                                        )

                                    [73] => Array
                                        (
                                            [0] => 0
                                            [1] => 1
                                            [2] => 2
                                        )

                                    [74] => Array
                                        (
                                            [0] => 1
                                            [1] => 1
                                            [2] => 1
                                        )

                                    [75] => Array
                                        (
                                            [0] => 0
                                            [1] => 1
                                            [2] => 1
                                        )

                                    [76] => Array
                                        (
                                            [0] => 1
                                            [1] => 1
                                            [2] => 1
                                        )

                                    [77] => Array
                                        (
                                            [0] => 0
                                            [1] => 1
                                            [2] => 1
                                        )

                                    [78] => Array
                                        (
                                            [0] => 1
                                            [1] => 1
                                            [2] => 2
                                        )

                                    [79] => Array
                                        (
                                            [0] => 0
                                            [1] => 1
                                            [2] => 3
                                        )

                                    [80] => Array
                                        (
                                            [0] => 1
                                            [1] => 1
                                            [2] => 2
                                        )

                                    [81] => Array
                                        (
                                            [0] => 0
                                            [1] => 1
                                            [2] => 1
                                        )

                                    [82] => Array
                                        (
                                            [0] => 1
                                            [1] => 1
                                            [2] => 1
                                        )

                                    [83] => Array
                                        (
                                            [0] => 0
                                            [1] => 1
                                            [2] => 2
                                        )

                                    [84] => Array
                                        (
                                            [0] => 1
                                            [1] => 1
                                            [2] => 1
                                        )

                                    [85] => Array
                                        (
                                            [0] => 0
                                            [1] => 1
                                            [2] => 1
                                        )

                                    [86] => Array
                                        (
                                            [0] => 1
                                            [1] => 1
                                            [2] => 1
                                        )

                                    [87] => Array
                                        (
                                            [0] => 0
                                            [1] => 1
                                            [2] => 1
                                        )

                                    [88] => Array
                                        (
                                            [0] => 1
                                            [1] => 1
                                            [2] => 2
                                        )

                                    [89] => Array
                                        (
                                            [0] => 0
                                            [1] => 1
                                            [2] => 3
                                        )

                                    [90] => Array
                                        (
                                            [0] => 1
                                            [1] => 1
                                            [2] => 1
                                        )

                                    [91] => Array
                                        (
                                            [0] => 0
                                            [1] => 1
                                            [2] => 1
                                        )

                                    [92] => Array
                                        (
                                            [0] => 1
                                            [1] => 1
                                            [2] => 2
                                        )

                                    [93] => Array
                                        (
                                            [0] => 0
                                            [1] => 1
                                            [2] => 2
                                        )

                                    [94] => Array
                                        (
                                            [0] => 1
                                            [1] => 1
                                            [2] => 1
                                        )

                                    [95] => Array
                                        (
                                            [0] => 0
                                            [1] => 1
                                            [2] => 1
                                        )

                                    [96] => Array
                                        (
                                            [0] => 1
                                            [1] => 1
                                            [2] => 2
                                        )

                                    [97] => Array
                                        (
                                            [0] => 0
                                            [1] => 1
                                            [2] => 1
                                        )

                                    [98] => Array
                                        (
                                            [0] => 1
                                            [1] => 1
                                            [2] => 1
                                        )

                                    [99] => Array
                                        (
                                            [0] => 0
                                            [1] => 1
                                            [2] => 3
                                        )

                                    [100] => Array
                                        (
                                            [0] => 1
                                            [1] => 1
                                            [2] => 1
                                        )

                                    [101] => Array
                                        (
                                            [0] => 0
                                            [1] => 1
                                            [2] => 1
                                        )

                                    [102] => Array
                                        (
                                            [0] => 1
                                            [1] => 1
                                            [2] => 2
                                        )

                                    [103] => Array
                                        (
                                            [0] => 0
                                            [1] => 1
                                            [2] => 2
                                        )

                                    [104] => Array
                                        (
                                            [0] => 1
                                            [1] => 1
                                            [2] => 1
                                        )

                                    [105] => Array
                                        (
                                            [0] => 0
                                            [1] => 1
                                            [2] => 1
                                        )

                                    [106] => Array
                                        (
                                            [0] => 1
                                            [1] => 1
                                            [2] => 1
                                        )

                                    [107] => Array
                                        (
                                            [0] => 0
                                            [1] => 1
                                            [2] => 1
                                        )

                                    [108] => Array
                                        (
                                            [0] => 1
                                            [1] => 1
                                            [2] => 2
                                        )

                                    [109] => Array
                                        (
                                            [0] => 0
                                            [1] => 1
                                            [2] => 3
                                        )

                                    [110] => Array
                                        (
                                            [0] => 1
                                            [1] => 1
                                            [2] => 1
                                        )

                                    [111] => Array
                                        (
                                            [0] => 0
                                            [1] => 1
                                            [2] => 2
                                        )

                                    [112] => Array
                                        (
                                            [0] => 1
                                            [1] => 1
                                            [2] => 1
                                        )

                                    [113] => Array
                                        (
                                            [0] => 0
                                            [1] => 1
                                            [2] => 1
                                        )

                                    [114] => Array
                                        (
                                            [0] => 1
                                            [1] => 1
                                            [2] => 2
                                        )

                                    [115] => Array
                                        (
                                            [0] => 0
                                            [1] => 1
                                            [2] => 1
                                        )

                                    [116] => Array
                                        (
                                            [0] => 1
                                            [1] => 1
                                            [2] => 2
                                        )

                                    [117] => Array
                                        (
                                            [0] => 0
                                            [1] => 1
                                            [2] => 1
                                        )

                                    [118] => Array
                                        (
                                            [0] => 1
                                            [1] => 1
                                            [2] => 1
                                        )

                                )

                            [l] => Array
                                (
                                    [0] => 1574791192
                                )

                        )

                )

        )

    [1] => Array
        (
            [0] => 1
            [1] => 1
            [2] => 3
            [3] => 1
            [4] => 1
            [5] => 1
            [6] => 1
            [7] => 1
            [8] => 1
            [9] => 1
        )

    [2] => 211
    [3] => 100
    [4] => 10
    [5] => 10
    [6] => 191
    [7] => 80
)

