[22-Nov-2019 08:37:01 Africa/Lusaka] PHP Notice:  Undefined variable: num in /var/www/html/Market_Sales_USSD/app/src/Core.php on line 262
[22-Nov-2019 08:37:01 Africa/Lusaka] PHP Notice:  Undefined variable: num in /var/www/html/Market_Sales_USSD/app/src/Core.php on line 262
[22-Nov-2019 08:37:06 Africa/Lusaka] PHP Notice:  Undefined variable: num in /var/www/html/Market_Sales_USSD/app/src/Core.php on line 262
[22-Nov-2019 08:37:06 Africa/Lusaka] PHP Notice:  Undefined variable: num in /var/www/html/Market_Sales_USSD/app/src/Core.php on line 262
[22-Nov-2019 08:37:20 Africa/Lusaka] PHP Notice:  Undefined variable: num in /var/www/html/Market_Sales_USSD/app/src/Core.php on line 262
[22-Nov-2019 08:37:20 Africa/Lusaka] PHP Notice:  Undefined variable: num in /var/www/html/Market_Sales_USSD/app/src/Core.php on line 262
[22-Nov-2019 08:37:26 Africa/Lusaka] PHP Notice:  Undefined variable: num in /var/www/html/Market_Sales_USSD/app/src/Core.php on line 262
[22-Nov-2019 08:37:26 Africa/Lusaka] PHP Notice:  Undefined variable: num in /var/www/html/Market_Sales_USSD/app/src/Core.php on line 262
[22-Nov-2019 09:35:29 Africa/Lusaka] PHP Notice:  Undefined variable: msisdn in /var/www/html/Market_Sales_USSD/app/lib/utils/SharedUtils.php on line 131
[22-Nov-2019 09:35:29 Africa/Lusaka] PHP Notice:  Undefined variable: msisdn in /var/www/html/Market_Sales_USSD/app/lib/utils/SharedUtils.php on line 134
[27-Nov-2019 14:04:05 Africa/Lusaka] PHP Notice:  Undefined index: MAIN_BUYERS in /var/www/html/Market_Sales_USSD/app/src/Core.php on line 184
[27-Nov-2019 14:04:42 Africa/Lusaka] PHP Notice:  Undefined index: MAIN_BUYERS in /var/www/html/Market_Sales_USSD/app/src/Core.php on line 184
[27-Nov-2019 14:06:12 Africa/Lusaka] PHP Notice:  Undefined index: menu-selection in /var/www/html/Market_Sales_USSD/app/src/Core.php on line 187
[27-Nov-2019 14:06:12 Africa/Lusaka] PHP Warning:  Illegal string offset 'END_OF_SESSION' in /var/www/html/Market_Sales_USSD/mtn.php on line 70
[27-Nov-2019 14:06:12 Africa/Lusaka] PHP Notice:  Uninitialized string offset: 0 in /var/www/html/Market_Sales_USSD/mtn.php on line 70
[27-Nov-2019 14:06:12 Africa/Lusaka] PHP Warning:  Illegal string offset 'USSD_BODY' in /var/www/html/Market_Sales_USSD/mtn.php on line 71
[27-Nov-2019 14:06:12 Africa/Lusaka] PHP Notice:  Uninitialized string offset: 0 in /var/www/html/Market_Sales_USSD/mtn.php on line 71
[27-Nov-2019 14:19:38 Africa/Lusaka] PHP Notice:  Undefined variable: iput in /var/www/html/Market_Sales_USSD/app/lib/utils/SharedUtils.php on line 111
[27-Nov-2019 14:19:42 Africa/Lusaka] PHP Notice:  Undefined variable: iput in /var/www/html/Market_Sales_USSD/app/lib/utils/SharedUtils.php on line 111
[27-Nov-2019 14:19:47 Africa/Lusaka] PHP Notice:  Undefined variable: iput in /var/www/html/Market_Sales_USSD/app/lib/utils/SharedUtils.php on line 111
[27-Nov-2019 14:54:49 Africa/Lusaka] PHP Notice:  Undefined index: status in /var/www/html/Market_Sales_USSD/app/src/Core.php on line 356
[27-Nov-2019 14:55:37 Africa/Lusaka] PHP Notice:  Undefined index: status in /var/www/html/Market_Sales_USSD/app/src/Core.php on line 356
[27-Nov-2019 14:56:10 Africa/Lusaka] PHP Notice:  Undefined index: status in /var/www/html/Market_Sales_USSD/app/src/Core.php on line 356
[27-Nov-2019 14:57:20 Africa/Lusaka] PHP Notice:  Undefined index: status in /var/www/html/Market_Sales_USSD/app/src/Core.php on line 356
[27-Nov-2019 14:57:27 Africa/Lusaka] PHP Notice:  Undefined index: status in /var/www/html/Market_Sales_USSD/app/src/Core.php on line 356
[27-Nov-2019 15:53:41 Africa/Lusaka] PHP Notice:  Undefined index: status in /var/www/html/Market_Sales_USSD/app/src/Core.php on line 571
[27-Nov-2019 15:54:14 Africa/Lusaka] PHP Notice:  Undefined index: status in /var/www/html/Market_Sales_USSD/app/src/Core.php on line 571
[27-Nov-2019 15:54:40 Africa/Lusaka] PHP Notice:  Undefined index: status in /var/www/html/Market_Sales_USSD/app/src/Core.php on line 571
[27-Nov-2019 16:09:18 Africa/Lusaka] PHP Notice:  Undefined index: token_balance in /var/www/html/Market_Sales_USSD/app/src/Core.php on line 261
[04-Dec-2019 10:45:04 Africa/Lusaka] PHP Notice:  Undefined index: trader_details in /var/www/html/Market_Sales_USSD/app/src/Core.php on line 372
[04-Dec-2019 10:45:04 Africa/Lusaka] PHP Notice:  Undefined index: Sale_amount in /var/www/html/Market_Sales_USSD/app/src/Core.php on line 372
[04-Dec-2019 10:45:04 Africa/Lusaka] PHP Notice:  Undefined index: buyer_msisdn in /var/www/html/Market_Sales_USSD/app/src/Core.php on line 372
[04-Dec-2019 10:45:04 Africa/Lusaka] PHP Notice:  Undefined variable: payload in /var/www/html/Market_Sales_USSD/app/lib/utils/SharedUtils.php on line 66
[04-Dec-2019 10:46:17 Africa/Lusaka] PHP Notice:  Undefined index: trader_details in /var/www/html/Market_Sales_USSD/app/src/Core.php on line 372
[04-Dec-2019 10:46:17 Africa/Lusaka] PHP Notice:  Undefined index: Sale_amount in /var/www/html/Market_Sales_USSD/app/src/Core.php on line 372
[04-Dec-2019 10:46:17 Africa/Lusaka] PHP Notice:  Undefined index: buyer_msisdn in /var/www/html/Market_Sales_USSD/app/src/Core.php on line 372
[04-Dec-2019 10:46:17 Africa/Lusaka] PHP Notice:  Undefined variable: payload in /var/www/html/Market_Sales_USSD/app/lib/utils/SharedUtils.php on line 66
[04-Dec-2019 10:48:48 Africa/Lusaka] PHP Notice:  Undefined index: trader_details in /var/www/html/Market_Sales_USSD/app/src/Core.php on line 372
[04-Dec-2019 10:48:48 Africa/Lusaka] PHP Notice:  Undefined index: Sale_amount in /var/www/html/Market_Sales_USSD/app/src/Core.php on line 372
[04-Dec-2019 10:48:48 Africa/Lusaka] PHP Notice:  Undefined index: buyer_msisdn in /var/www/html/Market_Sales_USSD/app/src/Core.php on line 372
[04-Dec-2019 10:57:37 Africa/Lusaka] PHP Fatal error:  Uncaught Error: Call to undefined method App\Src\Core::log() in /var/www/html/Market_Sales_USSD/app/src/Core.php:372
Stack trace:
#0 /var/www/html/Market_Sales_USSD/app/src/Core.php(208): App\Src\Core->makeSaleConfirm()
#1 /var/www/html/Market_Sales_USSD/app/src/Core.php(190): App\Src\Core->menuSelections()
#2 /var/www/html/Market_Sales_USSD/app/src/Core.php(169): App\Src\Core->processRequest()
#3 /var/www/html/Market_Sales_USSD/airtel.php(46): App\Src\Core->handle(Array)
#4 [internal function]: callMenu('USSD_MESSAGE', Array, Array)
#5 /var/www/html/Market_Sales_USSD/airtel.php(24): xmlrpc_server_call_method(Resource id #5, '<?xml version="...', Array)
#6 {main}
  thrown in /var/www/html/Market_Sales_USSD/app/src/Core.php on line 372
[04-Dec-2019 11:01:37 Africa/Lusaka] PHP Notice:  Undefined index: trader_details in /var/www/html/Market_Sales_USSD/app/src/Core.php on line 374
[04-Dec-2019 11:01:37 Africa/Lusaka] PHP Notice:  Undefined index: Sale_amount in /var/www/html/Market_Sales_USSD/app/src/Core.php on line 374
[04-Dec-2019 11:01:37 Africa/Lusaka] PHP Notice:  Undefined index: buyer_msisdn in /var/www/html/Market_Sales_USSD/app/src/Core.php on line 374
[04-Dec-2019 11:03:13 Africa/Lusaka] PHP Notice:  Undefined index: trader_details in /var/www/html/Market_Sales_USSD/app/src/Core.php on line 372
[04-Dec-2019 11:03:13 Africa/Lusaka] PHP Notice:  Undefined index: trader_details in /var/www/html/Market_Sales_USSD/app/src/Core.php on line 374
[04-Dec-2019 11:03:13 Africa/Lusaka] PHP Notice:  Undefined index: Sale_amount in /var/www/html/Market_Sales_USSD/app/src/Core.php on line 374
[04-Dec-2019 11:03:13 Africa/Lusaka] PHP Notice:  Undefined index: buyer_msisdn in /var/www/html/Market_Sales_USSD/app/src/Core.php on line 374
[04-Dec-2019 11:07:14 Africa/Lusaka] PHP Notice:  Undefined index: Sale_amount in /var/www/html/Market_Sales_USSD/app/src/Core.php on line 372
[04-Dec-2019 11:07:14 Africa/Lusaka] PHP Notice:  Undefined index: trader_details in /var/www/html/Market_Sales_USSD/app/src/Core.php on line 374
[04-Dec-2019 11:07:14 Africa/Lusaka] PHP Notice:  Undefined index: Sale_amount in /var/www/html/Market_Sales_USSD/app/src/Core.php on line 374
[04-Dec-2019 11:07:14 Africa/Lusaka] PHP Notice:  Undefined index: buyer_msisdn in /var/www/html/Market_Sales_USSD/app/src/Core.php on line 374
[04-Dec-2019 11:11:16 Africa/Lusaka] PHP Notice:  Undefined index: trader_details in /var/www/html/Market_Sales_USSD/app/src/Core.php on line 375
[04-Dec-2019 11:11:16 Africa/Lusaka] PHP Notice:  Undefined index: Sale_amount in /var/www/html/Market_Sales_USSD/app/src/Core.php on line 375
[04-Dec-2019 11:11:16 Africa/Lusaka] PHP Notice:  Undefined index: buyer_msisdn in /var/www/html/Market_Sales_USSD/app/src/Core.php on line 375
[09-Dec-2019 14:36:43 Africa/Lusaka] PHP Notice:  Undefined index: Sale_buyer_mobile in /var/www/html/Market_Sales_USSD/app/src/Core.php on line 387
